<?xml version="1.0" encoding="utf-8"?><testsuites name="pytest tests"><testsuite name="pytest" errors="0" failures="0" skipped="0" tests="60" time="13.817" timestamp="2026-09-19T12:14:01.582016+09:00" hostname="global0558"><testcase classname="tests.v3.test_block_only_runner" name="test_primary_config_hash_uses_exact_frozen_source_not_windows_line_endings" time="0.014" /><testcase classname="tests.v3.test_block_only_runner" name="test_resource_reservation_counts_primary_future_workers_and_external_run" time="0.000" /><testcase classname="tests.v3.test_block_only_runner" name="test_low_memory_pauses_launches_and_primary_completion_releases_capacity" time="0.000" /><testcase classname="tests.v3.test_block_only_runner" name="test_drained_primary_queue_releases_only_idle_cpus_and_their_memory_reservation" time="0.000" /><testcase classname="tests.v3.test_block_only_runner" name="test_drained_queue_rejects_unexpected_or_shared_primary_cpu" time="0.000" /><testcase classname="tests.v3.test_block_only_runner" name="test_recovered_completed_months_are_counted_but_never_relaunched" time="0.007" /><testcase classname="tests.v3.test_block_only_runner" name="test_block_only_rejects_temporal_actions_even_with_passed_generic_audit" time="0.002" /><testcase classname="tests.v3.test_block_only_runner" name="test_diagnostic_must_exercise_spatial_action" time="0.005" /><testcase classname="tests.v3.test_block_only_runner" name="test_failed_addon_worker_drains_other_worker_and_preserves_pending" time="0.008" /><testcase classname="tests.v3.test_block_only_runner" name="test_existing_block_arm_wires_space_enabled_and_time_disabled" time="7.372" /><testcase classname="tests.v3.test_block_only_recovery" name="test_preflight_allows_idle_live_supervisor_but_takeover_refuses_it" time="0.004" /><testcase classname="tests.v3.test_block_only_recovery" name="test_dead_supervisor_with_orphan_worker_cannot_be_taken_over" time="0.003" /><testcase classname="tests.v3.test_block_only_recovery" name="test_worker_scan_matches_output_and_seed_but_not_other_runs_or_supervisor" time="0.002" /><testcase classname="tests.v3.test_block_only_recovery" name="test_recovery_rejects_active_failed_or_changed_source[active]" time="0.003" /><testcase classname="tests.v3.test_block_only_recovery" name="test_recovery_rejects_active_failed_or_changed_source[failed]" time="0.003" /><testcase classname="tests.v3.test_block_only_recovery" name="test_recovery_rejects_active_failed_or_changed_source[failure_file]" time="0.002" /><testcase classname="tests.v3.test_block_only_recovery" name="test_recovery_rejects_active_failed_or_changed_source[config]" time="0.003" /><testcase classname="tests.v3.test_block_only_recovery" name="test_recovery_rejects_active_failed_or_changed_source[same_output]" time="0.004" /><testcase classname="tests.v3.test_block_only_recovery" name="test_only_absent_seed_folders_are_unstarted_not_partial_attempts" time="0.005" /><testcase classname="tests.v3.test_block_only_recovery" name="test_classification_rejects_progress_disagreement_and_nonregistered_seed" time="0.003" /><testcase classname="tests.v3.test_block_only_recovery" name="test_checked_copy_preserves_bytes_and_rejects_overwrite_or_changed_source" time="0.005" /><testcase classname="tests.v3.test_block_only_recovery" name="test_tree_hashes_reject_failure_and_incomplete_writes[failure.json]" time="0.002" /><testcase classname="tests.v3.test_block_only_recovery" name="test_tree_hashes_reject_failure_and_incomplete_writes[result.json.tmp]" time="0.001" /><testcase classname="tests.v3.test_block_only_recovery" name="test_recovery_preserves_original_completion_logs_and_launch_receipt" time="0.008" /><testcase classname="tests.v3.test_block_only_comparison" name="test_merge_keeps_original_statistics_losses_backlog_and_whole_month_units" time="0.498" /><testcase classname="tests.v3.test_block_only_comparison" name="test_merge_rejects_incomplete_changed_or_noncomparable_evidence[missing]" time="0.141" /><testcase classname="tests.v3.test_block_only_comparison" name="test_merge_rejects_incomplete_changed_or_noncomparable_evidence[duplicate]" time="0.189" /><testcase classname="tests.v3.test_block_only_comparison" name="test_merge_rejects_incomplete_changed_or_noncomparable_evidence[hash]" time="0.255" /><testcase classname="tests.v3.test_block_only_comparison" name="test_merge_rejects_incomplete_changed_or_noncomparable_evidence[raw_hash]" time="0.241" /><testcase classname="tests.v3.test_block_only_comparison" name="test_merge_rejects_incomplete_changed_or_noncomparable_evidence[audit]" time="0.205" /><testcase classname="tests.v3.test_block_only_comparison" name="test_merge_rejects_incomplete_changed_or_noncomparable_evidence[input]" time="0.204" /><testcase classname="tests.v3.test_block_only_comparison" name="test_merge_rejects_incomplete_changed_or_noncomparable_evidence[plan]" time="0.186" /><testcase classname="tests.v3.test_block_only_comparison" name="test_merge_rejects_incomplete_changed_or_noncomparable_evidence[network]" time="0.216" /><testcase classname="tests.v3.test_block_only_comparison" name="test_merge_rejects_incomplete_changed_or_noncomparable_evidence[runtime]" time="0.184" /><testcase classname="tests.v3.test_block_only_comparison" name="test_merge_rejects_incomplete_changed_or_noncomparable_evidence[checkpoint]" time="0.180" /><testcase classname="tests.v3.test_block_only_comparison" name="test_merge_rejects_incomplete_changed_or_noncomparable_evidence[temporal]" time="0.164" /><testcase classname="tests.v3.test_block_only_comparison" name="test_merge_rejects_incomplete_changed_or_noncomparable_evidence[hidden_delay]" time="0.220" /><testcase classname="tests.v3.test_block_only_comparison" name="test_merge_rejects_incomplete_changed_or_noncomparable_evidence[identity]" time="0.159" /><testcase classname="tests.v3.test_block_only_comparison" name="test_additional_statistics_refuse_partial_unpaired_or_nonfinite_rows[missing]" time="0.146" /><testcase classname="tests.v3.test_block_only_comparison" name="test_additional_statistics_refuse_partial_unpaired_or_nonfinite_rows[duplicate]" time="0.139" /><testcase classname="tests.v3.test_block_only_comparison" name="test_additional_statistics_refuse_partial_unpaired_or_nonfinite_rows[nonfinite]" time="0.168" /><testcase classname="tests.v3.test_block_only_comparison" name="test_additional_statistics_refuse_partial_unpaired_or_nonfinite_rows[identity]" time="0.154" /><testcase classname="tests.v3.test_block_only_comparison" name="test_real_recovered_baseline_passes_read_only_compatibility_check" time="1.349" /><testcase classname="tests.v3.test_independent_evaluation" name="test_monthly_statistics_use_twenty_pairs_and_correct_direction" time="0.001" /><testcase classname="tests.v3.test_independent_evaluation" name="test_partial_or_unpaired_runs_cannot_be_reported_as_complete[missing]" time="0.000" /><testcase classname="tests.v3.test_independent_evaluation" name="test_partial_or_unpaired_runs_cannot_be_reported_as_complete[duplicate]" time="0.000" /><testcase classname="tests.v3.test_independent_evaluation" name="test_partial_or_unpaired_runs_cannot_be_reported_as_complete[different_requests]" time="0.000" /><testcase classname="tests.v3.test_independent_evaluation" name="test_partial_or_unpaired_runs_cannot_be_reported_as_complete[nonfinite]" time="0.001" /><testcase classname="tests.v3.test_independent_evaluation" name="test_unfinished_work_is_retained_and_prevents_completion_claim" time="0.001" /><testcase classname="tests.v3.test_independent_evaluation" name="test_actual_engine_inputs_must_match_before_world_runs" time="0.329" /><testcase classname="tests.v3.test_independent_evaluation" name="test_existing_daily_artifacts_recompute_exact_queues" time="0.094" /><testcase classname="tests.v3.test_independent_evaluation" name="test_supply_run_must_finish_before_independent_start[running]" time="0.001" /><testcase classname="tests.v3.test_independent_evaluation" name="test_supply_run_must_finish_before_independent_start[failed]" time="0.001" /><testcase classname="tests.v3.test_independent_evaluation" name="test_missing_supply_summary_does_not_allow_start" time="0.001" /><testcase classname="tests.v3.test_independent_evaluation" name="test_supply_completion_with_failed_checks_does_not_allow_start" time="0.001" /><testcase classname="tests.v3.test_independent_evaluation" name="test_probe_completion_is_not_confused_with_record_validity" time="0.000" /><testcase classname="tests.v3.test_independent_evaluation" name="test_queue_at_review_includes_truck_dispatched_at_the_same_timestamp" time="0.012" /><testcase classname="tests.v3.test_independent_evaluation" name="test_final_events_with_missing_arrival_or_early_service_are_not_hidden" time="0.000" /><testcase classname="tests.v3.test_independent_evaluation" name="test_failed_worker_does_not_kill_other_active_workers_or_launch_new_ones" time="0.010" /><testcase classname="tests.v3.test_independent_evaluation" name="test_recovery_refuses_a_changed_model_or_run_contract" time="0.014" /></testsuite></testsuites>